<?xml version="1.0" encoding="UTF-8"?>
<testng-results skipped="0" failed="0" total="1" passed="1">
  <reporter-output>
  </reporter-output>
  <suite name="Default suite" duration-ms="16064" started-at="2020-05-10T14:20:02Z" finished-at="2020-05-10T14:20:18Z">
    <groups>
    </groups>
    <test name="Default test" duration-ms="16064" started-at="2020-05-10T14:20:02Z" finished-at="2020-05-10T14:20:18Z">
      <class name="test.SignIn">
        <test-method status="PASS" signature="beforeMethod()[pri:0, instance:test.SignIn@51081592]" name="beforeMethod" is-config="true" duration-ms="11536" started-at="2020-05-10T19:50:02Z" finished-at="2020-05-10T19:50:14Z">
          <reporter-output>
          </reporter-output>
        </test-method> <!-- beforeMethod -->
        <test-method status="PASS" signature="signIn()[pri:0, instance:test.SignIn@51081592]" name="signIn" duration-ms="2358" started-at="2020-05-10T19:50:14Z" finished-at="2020-05-10T19:50:16Z">
          <reporter-output>
          </reporter-output>
        </test-method> <!-- signIn -->
        <test-method status="PASS" signature="afterMethod()[pri:0, instance:test.SignIn@51081592]" name="afterMethod" is-config="true" duration-ms="2140" started-at="2020-05-10T19:50:16Z" finished-at="2020-05-10T19:50:18Z">
          <reporter-output>
          </reporter-output>
        </test-method> <!-- afterMethod -->
      </class> <!-- test.SignIn -->
    </test> <!-- Default test -->
  </suite> <!-- Default suite -->
</testng-results>
